Dec 29, 2025 00:24:48.451 [0x7ca4a7928b38] INFO - Plex Tuner Service v1.42.2.10156-f737b826c - Docker Docker Container (LinuxServer.io) x86_64 - build: 
Dec 29, 2025 00:24:48.452 [0x7ca4a7928b38] INFO - Linux version: 6.8.0-90-generic (#91-Ubuntu SMP PREEMPT_DYNAMIC Tue Nov 18 14:14:30 UTC 2025), language: en-US
Dec 29, 2025 00:24:48.452 [0x7ca4a7928b38] INFO - Processor Intel(R) Core(TM) i5-8250U CPU @ 1.60GHz
Dec 29, 2025 00:24:48.452 [0x7ca4a7928b38] INFO - /usr/lib/plexmediaserver/Plex Tuner Service /usr/lib/plexmediaserver/Resources/Tuner/Private /usr/lib/plexmediaserver/Resources/Tuner/Shared 1.42.2.10156-f737b826c 32600
Dec 29, 2025 00:24:48.450 [0x7ca4a9499808] INFO - [I] broker_t::start...
Dec 29, 2025 00:24:48.455 [0x7ca4a9499808] INFO - [I] device_manager_t::init.
Dec 29, 2025 00:24:48.455 [0x7ca4a9499808] INFO - [I] device_manager_t::init. Initialize provider manager
Dec 29, 2025 00:24:48.455 [0x7ca4a9499808] INFO - [I] device_manager_t::init. Initialize all device auxes
Dec 29, 2025 00:24:48.455 [0x7ca4a9499808] INFO - [I] dvb_device_factory_t::get_aux_list
Dec 29, 2025 00:24:48.455 [0x7ca4a9499808] INFO - [I] tvbutler_aux_t::init
Dec 29, 2025 00:24:48.460 [0x7ca4a9499808] INFO - [I] web_server_t::start. Starting web server on port 32600
Dec 29, 2025 00:24:56.318 [0x7ca4a769cb38] INFO - [I] web_service_t::process_device_discovery
Dec 29, 2025 00:24:56.318 [0x7ca4a769cb38] INFO - [I] device_reactor_t::get_device_list ()
Dec 29, 2025 00:24:58.330 [0x7ca4a769cb38] INFO - [I] SAT2IP - discover_satip_servers(): no servers found
Dec 29, 2025 00:24:58.757 [0x7ca4a769cb38] INFO - [I] v4l::DeviceGetList_impl. getting v4l device list
Dec 29, 2025 00:24:58.763 [0x7ca4a769cb38] INFO - [I] onetv_factory::DeviceGetListEx >>
Dec 29, 2025 00:24:58.763 [0x7ca4a769cb38] WARN - [W] onetv_factory::DeviceGetListEx. libusb_init returned an error -99
Dec 29, 2025 00:26:20.542 [0x7ca4a9499808] INFO - Received SIGINT: Interrupt from keyboard.
Dec 29, 2025 00:26:20.557 [0x7ca4a9499808] INFO - [I] device_manager_t::term
Dec 29, 2025 00:26:20.557 [0x7ca4a9499808] INFO - [I] device_manager_t::term. Stop all devices
Dec 29, 2025 00:26:20.557 [0x7ca4a9499808] INFO - [I] device_manager_t::term. Shut down all device auxes
Dec 29, 2025 00:26:20.557 [0x7ca4a9499808] INFO - [I] tvbutler_aux_t::term
Dec 29, 2025 00:26:20.558 [0x7ca4a9499808] INFO - [I] web_server_t::stop. Web server is stopped
Dec 29, 2025 00:26:20.558 [0x7ca4a9499808] INFO - [I] device_manager_t::term
Dec 29, 2025 00:26:20.558 [0x7ca4a9499808] INFO - [I] device_manager_t::term. Stop all devices
Dec 29, 2025 00:26:20.558 [0x7ca4a9499808] INFO - [I] device_manager_t::term. Shut down all device auxes
Dec 29, 2025 00:26:20.558 [0x7ca4a9499808] INFO - [I] broker_t::shutdown. Shutdown is completed.
