Dec 29, 2025 12:50:43.035 [140045605690168] INFO - Plex Media Server v1.42.2.10156-f737b826c - Docker Docker Container (LinuxServer.io) x86_64 - build: linux-x86_64 debian - GMT -03:00
Dec 29, 2025 12:50:43.035 [140045605690168] INFO - Linux version: 6.8.0-90-generic, language: en-US
Dec 29, 2025 12:50:43.035 [140045605690168] INFO - Processor: 8-core Intel(R) Core(TM) i5-8250U CPU @ 1.60GHz
Dec 29, 2025 12:50:43.035 [140045605690168] INFO - Compiler is - Clang 11.0.1 (https://plex.tv 9b997da8e5b47bdb4a9425b3a3b290be393b4b1f)
Dec 29, 2025 12:50:43.035 [140045605690168] INFO - /usr/lib/plexmediaserver/Plex Media Server
Dec 29, 2025 12:50:43.035 [140045608233616] DEBUG - BPQ: [Idle] -> [Starting]
Dec 29, 2025 12:50:43.035 [140045608233616] DEBUG - FeatureManager: Using cached data for features list
Dec 29, 2025 12:50:43.039 [140045608233616] DEBUG - MyPlex: mapping state set to 'Unknown'.
Dec 29, 2025 12:50:43.039 [140045608233616] DEBUG - Relay: read 0 cached entries from hosts file
Dec 29, 2025 12:50:43.040 [140045608233616] DEBUG - Opening 20 database sessions to library (com.plexapp.plugins.library), SQLite 3.39.4, threadsafe=1
Dec 29, 2025 12:50:43.080 [140045608233616] DEBUG - MyPlex: no cached data to load for request for https://plex.tv/api/v2/server/users/features
Dec 29, 2025 12:50:43.142 [140045608233616] DEBUG - HttpServer: Listening on IPv6 as well as IPv4.
Dec 29, 2025 12:50:43.142 [140045608233616] DEBUG - HttpServer: Listening on port 32400.
Dec 29, 2025 12:50:43.142 [140045608233616] DEBUG - HttpServer: Listening on port 32401.
Dec 29, 2025 12:50:43.142 [140045608233616] DEBUG - Running server...
Dec 29, 2025 12:50:43.142 [140045587958584] DEBUG - HttpServer: Set up a thread pool with 2 threads.
Dec 29, 2025 12:50:43.142 [140045608233616] INFO - Running migrations. (EPG 0)
Dec 29, 2025 12:50:43.143 [140045608233616] DEBUG - Captured session 0.
Dec 29, 2025 12:50:43.143 [140045608233616] DEBUG - Captured session 1.
Dec 29, 2025 12:50:43.143 [140045608233616] DEBUG - Captured session 2.
Dec 29, 2025 12:50:43.143 [140045608233616] DEBUG - Captured session 3.
Dec 29, 2025 12:50:43.143 [140045608233616] DEBUG - Captured session 4.
Dec 29, 2025 12:50:43.143 [140045608233616] DEBUG - Captured session 5.
Dec 29, 2025 12:50:43.143 [140045608233616] DEBUG - Captured session 6.
Dec 29, 2025 12:50:43.143 [140045608233616] DEBUG - Captured session 7.
Dec 29, 2025 12:50:43.143 [140045608233616] DEBUG - Captured session 8.
Dec 29, 2025 12:50:43.143 [140045608233616] DEBUG - Captured session 9.
Dec 29, 2025 12:50:43.143 [140045608233616] DEBUG - Captured session 10.
Dec 29, 2025 12:50:43.143 [140045608233616] DEBUG - Captured session 11.
Dec 29, 2025 12:50:43.143 [140045608233616] DEBUG - Captured session 12.
Dec 29, 2025 12:50:43.143 [140045608233616] DEBUG - Captured session 13.
Dec 29, 2025 12:50:43.143 [140045608233616] DEBUG - Captured session 14.
Dec 29, 2025 12:50:43.143 [140045608233616] DEBUG - Captured session 15.
Dec 29, 2025 12:50:43.143 [140045608233616] DEBUG - Captured session 16.
Dec 29, 2025 12:50:43.143 [140045608233616] DEBUG - Captured session 17.
Dec 29, 2025 12:50:43.143 [140045608233616] DEBUG - Captured session 18.
Dec 29, 2025 12:50:43.143 [140045608233616] DEBUG - Captured session 19.
Dec 29, 2025 12:50:43.145 [140045608233616] DEBUG - ChangestampAllocator: initialized to 0
Dec 29, 2025 12:50:43.145 [140045608233616] DEBUG - Opening 2 database sessions to library (com.plexapp.plugins.library.blobs), SQLite 3.39.4, threadsafe=1
Dec 29, 2025 12:50:43.149 [140045608233616] INFO - Running migrations. (EPG 0)
Dec 29, 2025 12:50:43.150 [140045608233616] DEBUG - Captured session 0.
Dec 29, 2025 12:50:43.150 [140045608233616] DEBUG - Captured session 1.
Dec 29, 2025 12:50:43.680 [140045601020728] DEBUG - Grabber: Cleaning up orphaned grabs.
Dec 29, 2025 12:50:43.680 [140045601020728] DEBUG - Grabber: Cleaned up 0 decrepit directories in 0.0 sec.
Dec 29, 2025 12:50:43.681 [140045608233616] DEBUG - Media Provider: Registering provider com.plexapp.plugins.library
Dec 29, 2025 12:50:43.681 [140045608233616] DEBUG - Auth: Refreshing tokens inside the token-based authentication filter.
Dec 29, 2025 12:50:43.681 [140045601020728] DEBUG - Auth: Refreshing tokens inside the token-based authentication filter.
Dec 29, 2025 12:50:43.682 [140045608233616] DEBUG - Opening 1 database sessions to library (), SQLite 3.39.4, threadsafe=1
Dec 29, 2025 12:50:43.684 [140045583821624] DEBUG - File "/usr/lib/plexmediaserver/Resources/Plug-ins-f737b826c" changed: -1 => 2025-12-22 06:37:22 (1766396242).
Dec 29, 2025 12:50:43.684 [140045583821624] DEBUG - File "/config/Library/Application Support/Plex Media Server/Plug-ins" changed: -1 => 2025-12-28 20:32:23 (1766964743).
Dec 29, 2025 12:50:43.684 [140045583821624] DEBUG - Scanning for plug-ins in "/usr/lib/plexmediaserver/Resources/Plug-ins-f737b826c"
Dec 29, 2025 12:50:43.686 [140045583821624] DEBUG - Scanning for plug-ins in "/config/Library/Application Support/Plex Media Server/Plug-ins"
Dec 29, 2025 12:50:43.686 [140045583821624] DEBUG - PluginRepository::setStartState: 1, startingSystem
Dec 29, 2025 12:50:43.686 [140045583821624] DEBUG - Starting plug-in /usr/lib/plexmediaserver/Resources/Plug-ins-f737b826c/System.bundle.
Dec 29, 2025 12:50:43.687 [140045583821624] DEBUG - [com.plexapp.system] Setting plug-in to always running (daemon mode).
Dec 29, 2025 12:50:43.687 [140045583821624] DEBUG - Starting file watcher for com.plexapp.system
Dec 29, 2025 12:50:43.687 [140045583821624] DEBUG - Plugin: setting environment variable: 'PYTHONHOME=/usr/lib/plexmediaserver/Resources/Python'
Dec 29, 2025 12:50:43.687 [140045583821624] DEBUG - Plugin: setting environment variable: 'PYTHONPATH=/usr/lib/plexmediaserver/Resources/Python/python27.zip:/usr/lib/plexmediaserver/Resources/Python/lib/python2.7/site-packages'
Dec 29, 2025 12:50:43.688 [140045583821624] DEBUG - Spawned plug-in com.plexapp.system with PID 207
Dec 29, 2025 12:50:43.688 [140045583821624] DEBUG - [com.plexapp.system] Sending command: GET /:/prefixes
Dec 29, 2025 12:50:43.763 [140045591178040] DEBUG - Request: didn't get any data from [::ffff:127.0.0.1]:43592: End of file
Dec 29, 2025 12:50:45.034 [140045601020728] DEBUG - [JobRunner] Job running: /usr/lib/plexmediaserver/CrashUploader "--directory=/config/Library/Application Support/Plex Media Server/Crash Reports/1.42.2.10156-f737b826c" --version=1.42.2.10156-f737b826c --platform=Linux --platformVersion=6.8.0-90-generic --serverUuid=6824e981caa73ca305a0f0d7debf19a40b0c2da5 --userId=NOUSERID --sentryUrl=https://o17675.ingest.sentry.io/api/1233455/ --sentryKey=xxxxxxxxxxxxxxxxxxxxxxxxxxxxxxxx --vendor=Docker --model=x86_64 "--device=Docker Container (LinuxServer.io)"
Dec 29, 2025 12:50:45.155 [140045601020728] DEBUG - [JobRunner] Jobs: Starting child process with pid 226
Dec 29, 2025 12:50:45.559 [140045603490616] DEBUG - Jobs: '/usr/lib/plexmediaserver/CrashUploader' exit code for process 226 is 0 (success)
Dec 29, 2025 12:50:46.681 [140045601020728] DEBUG - [MediaProviderManager] Refreshing media providers
Dec 29, 2025 12:50:46.856 [140045601020728] DEBUG - [MediaProviderManager] we had 0 cloud providers online, we now have 1
Dec 29, 2025 12:50:46.856 [140045601020728] DEBUG - [MediaProviderManager] cloud provider (Metadata) is online and available
Dec 29, 2025 12:50:46.856 [140045601020728] DEBUG - [MediaProviderManager/MetadataAgentManager] Found media provider for agent provider 'tv.plex.agents.movie' with source URI 'provider://tv.plex.provider.metadata'
Dec 29, 2025 12:50:46.856 [140045601020728] DEBUG - [MediaProviderManager/MetadataAgentManager] Found media provider for agent provider 'tv.plex.agents.series' with source URI 'provider://tv.plex.provider.metadata'
Dec 29, 2025 12:50:46.856 [140045601020728] DEBUG - [MediaProviderManager/MetadataAgentManager] Found media provider for agent provider 'tv.plex.agents.music' with source URI 'provider://tv.plex.provider.metadata'
Dec 29, 2025 12:50:46.857 [140045601020728] DEBUG - [MediaProviderManager/MetadataAgentManager] Found media provider for agent provider 'org.musicbrainz.agents.music' with source URI 'provider://tv.plex.provider.metadata'
Dec 29, 2025 12:50:46.857 [140045601020728] DEBUG - [MediaProviderManager] Media provider refresh complete
Dec 29, 2025 12:50:53.681 [140045601020728] DEBUG - Grabber: Plex Tuner Service not running; retrying in 10 seconds.
Dec 29, 2025 12:50:57.510 [140045575195448] DEBUG - Request: [127.0.0.1:34434 (Loopback)] GET /:/plugins/com.plexapp.system/messaging/function/X0J1bmRsZVNlcnZpY2U6QWxsU2VydmljZXM_/Y2VyZWFsMQoxCmxpc3QKMApyMAo_/Y2VyZWFsMQoxCmRpY3QKMApyMAo_ (3 live) #3 GZIP Token ()
Dec 29, 2025 12:50:57.511 [140045593287480] DEBUG - Completed: [127.0.0.1:34434] 503 GET /:/plugins/com.plexapp.system/messaging/function/X0J1bmRsZVNlcnZpY2U6QWxsU2VydmljZXM_/Y2VyZWFsMQoxCmxpc3QKMApyMAo_/Y2VyZWFsMQoxCmRpY3QKMApyMAo_ (3 live) #3 GZIP 0ms 436 bytes
Dec 29, 2025 12:50:57.513 [140045575195448] DEBUG - Request: [127.0.0.1:34446 (Loopback)] GET / (3 live) #4 GZIP Token ()
Dec 29, 2025 12:50:57.514 [140045593287480] DEBUG - Completed: [127.0.0.1:34446] 503 GET / (3 live) #4 GZIP 0ms 436 bytes
Dec 29, 2025 12:50:58.783 [140045575195448] DEBUG - Request: [127.0.0.1:34460 (Loopback)] GET /servers (4 live) #7 GZIP Token ()
Dec 29, 2025 12:50:58.783 [140045593287480] DEBUG - Completed: [127.0.0.1:34460] 503 GET /servers (4 live) #7 GZIP 0ms 436 bytes
Dec 29, 2025 12:50:58.790 [140045583821624] DEBUG - Reading 486 bytes in the body, code is 200
Dec 29, 2025 12:50:58.790 [140045583821624] DEBUG - [com.plexapp.system] Plug-in running on port 35847.
Dec 29, 2025 12:50:58.790 [140045583821624] DEBUG -  * Plug-in handles prefix: /system
Dec 29, 2025 12:50:58.790 [140045583821624] DEBUG -  * Plug-in handles prefix: /player
Dec 29, 2025 12:50:58.790 [140045583821624] DEBUG - Read configuration for [com.plexapp.system], had 2 prefixes
Dec 29, 2025 12:50:58.790 [140045583821624] DEBUG - Done with 1 synchronous plug-in starts, starting the rest in parallel.
Dec 29, 2025 12:50:58.790 [140045583821624] DEBUG - PluginRepository::setStartState: 2, startingPlugins
Dec 29, 2025 12:50:58.790 [140045583821624] DEBUG - Updating the list of agents known by the system.
Dec 29, 2025 12:50:58.790 [140045583821624] DEBUG - [com.plexapp.system] Sending command over HTTP (GET): /system/agents
Dec 29, 2025 12:50:58.790 [140045583821624] DEBUG - [HCl#3] HTTP requesting GET http://127.0.0.1:35847/system/agents
Dec 29, 2025 12:50:58.791 [140045608233616] DEBUG - Image transcode cache directory: "/config/Library/Application Support/Plex Media Server/Cache/PhotoTranscoder"
Dec 29, 2025 12:50:58.791 [140045608233616] DEBUG - Transcoder: Cleaning old transcode directories.
Dec 29, 2025 12:50:58.836 [140045608233616] DEBUG - MyPlex: stop public ip check and mapping - current mapped state: 'Unknown'.
Dec 29, 2025 12:50:58.877 [140045608233616] DEBUG - NetworkInterface: Starting watch thread.
Dec 29, 2025 12:50:58.877 [140045608233616] DEBUG - Network change.
Dec 29, 2025 12:50:58.877 [140045608233616] DEBUG - NetworkInterface: Notified of network changed (force=0)
Dec 29, 2025 12:50:58.877 [140045570861880] DEBUG - NetworkInterface: Watching for changes on the interfaces.
Dec 29, 2025 12:50:58.878 [140045608233616] DEBUG - Detected primary interface: 192.168.0.100
Dec 29, 2025 12:50:58.878 [140045608233616] DEBUG - Network interfaces:
Dec 29, 2025 12:50:58.878 [140045608233616] DEBUG -  * 1 lo (127.0.0.1) (00-00-00-00-00-00) (loopback: 1)
Dec 29, 2025 12:50:58.878 [140045608233616] DEBUG -  * 2 enp1s0 (192.168.0.100) (64-1C-67-9D-F4-95) (loopback: 0)
Dec 29, 2025 12:50:58.878 [140045608233616] DEBUG -  * 5 docker0 (172.17.0.1) (72-D4-F2-0A-81-5A) (loopback: 0)
Dec 29, 2025 12:50:58.878 [140045608233616] DEBUG -  * 19 br-b333bbf232fd (172.18.0.1) (46-04-37-53-9B-1C) (loopback: 0)
Dec 29, 2025 12:50:58.878 [140045608233616] DEBUG -  * 1 lo (::1) (00-00-00-00-00-00) (loopback: 1)
Dec 29, 2025 12:50:58.878 [140045608233616] DEBUG -  * 2 enp1s0 (2804:14d:7834:8046:661c:67ff:fe9d:f495) (64-1C-67-9D-F4-95) (loopback: 0)
Dec 29, 2025 12:50:58.878 [140045608233616] DEBUG - Creating NetworkServices singleton.
Dec 29, 2025 12:50:58.878 [140045608233616] DEBUG - NetworkServices: Initializing...
Dec 29, 2025 12:50:58.878 [140045608233616] DEBUG - NetworkService: Creating new service.
Dec 29, 2025 12:50:58.878 [140045608233616] DEBUG - NetworkService: Got notification of changed network (first change: 1)
Dec 29, 2025 12:50:58.878 [140045608233616] DEBUG - NetworkService: Quick dispatch of network change.
Dec 29, 2025 12:50:58.878 [140045568752440] DEBUG - Network change for advertiser.
Dec 29, 2025 12:50:58.878 [140045608233616] DEBUG - NetworkService: Creating new service.
Dec 29, 2025 12:50:58.878 [140045608233616] DEBUG - NetworkService: Got notification of changed network (first change: 1)
Dec 29, 2025 12:50:58.878 [140045608233616] DEBUG - NetworkService: Quick dispatch of network change.
Dec 29, 2025 12:50:58.878 [140045568752440] DEBUG - NetworkService: Setting up multicast listener on 0.0.0.0:32414
Dec 29, 2025 12:50:58.878 [140045608233616] DEBUG - NetworkService: Creating new service.
Dec 29, 2025 12:50:58.878 [140045608233616] DEBUG - NetworkService: Got notification of changed network (first change: 1)
Dec 29, 2025 12:50:58.878 [140045608233616] DEBUG - NetworkService: Quick dispatch of network change.
Dec 29, 2025 12:50:58.878 [140045608233616] DEBUG - NetworkService: Creating new service.
Dec 29, 2025 12:50:58.878 [140045608233616] DEBUG - NetworkService: Got notification of changed network (first change: 1)
Dec 29, 2025 12:50:58.878 [140045608233616] DEBUG - NetworkService: Quick dispatch of network change.
Dec 29, 2025 12:50:58.878 [140045608233616] DEBUG - NetworkService: Creating new service.
Dec 29, 2025 12:50:58.878 [140045608233616] DEBUG - NetworkService: Got notification of changed network (first change: 1)
Dec 29, 2025 12:50:58.878 [140045608233616] DEBUG - NetworkService: Quick dispatch of network change.
Dec 29, 2025 12:50:58.878 [140045608233616] DEBUG - NetworkService: Creating new service.
Dec 29, 2025 12:50:58.878 [140045608233616] DEBUG - NetworkService: Got notification of changed network (first change: 1)
Dec 29, 2025 12:50:58.878 [140045608233616] DEBUG - NetworkService: Quick dispatch of network change.
Dec 29, 2025 12:50:58.878 [140045568752440] DEBUG - Network change for advertiser.
Dec 29, 2025 12:50:58.878 [140045568752440] DEBUG - NetworkService: Setting up multicast listener on 0.0.0.0:32410
Dec 29, 2025 12:50:58.878 [140045568752440] DEBUG - Network change for advertiser.
Dec 29, 2025 12:50:58.878 [140045568752440] DEBUG - NetworkService: Setting up multicast listener on 0.0.0.0:32412
Dec 29, 2025 12:50:58.879 [140045568752440] DEBUG - NetworkService: Network change for browser (polled=0), closing 0 browse sockets.
Dec 29, 2025 12:50:58.879 [140045568752440] DEBUG - NetworkService: Setting up multicast listener on 0.0.0.0:32413
Dec 29, 2025 12:50:58.879 [140045568752440] DEBUG - NetworkService: Browsing on interface 127.0.0.1 on broadcast address 127.255.255.255 (index: 0)
Dec 29, 2025 12:50:58.879 [140045568752440] DEBUG - NetworkService: Browsing on interface 192.168.0.100 on broadcast address 192.168.0.255 (index: 1)
Dec 29, 2025 12:50:58.879 [140045568752440] DEBUG - NetworkService: Browsing on interface 172.17.0.1 on broadcast address 172.17.255.255 (index: 2)
Dec 29, 2025 12:50:58.879 [140045568752440] DEBUG - NetworkService: Browsing on interface 172.18.0.1 on broadcast address 172.18.255.255 (index: 3)
Dec 29, 2025 12:50:58.879 [140045568752440] DEBUG - NetworkService: Network change for browser (polled=1), closing 0 browse sockets.
Dec 29, 2025 12:50:58.879 [140045568752440] DEBUG - NetworkService: Browsing on interface 127.0.0.1 on broadcast address 127.255.255.255 (index: 0)
Dec 29, 2025 12:50:58.879 [140045568752440] DEBUG - NetworkService: Browsing on interface 192.168.0.100 on broadcast address 192.168.0.255 (index: 1)
Dec 29, 2025 12:50:58.879 [140045568752440] DEBUG - NetworkService: Browsing on interface 172.17.0.1 on broadcast address 172.17.255.255 (index: 2)
Dec 29, 2025 12:50:58.879 [140045568752440] DEBUG - NetworkService: Browsing on interface 172.18.0.1 on broadcast address 172.18.255.255 (index: 3)
Dec 29, 2025 12:50:58.879 [140045568752440] DEBUG - NetworkService: Network change for browser (polled=0), closing 0 browse sockets.
Dec 29, 2025 12:50:58.879 [140045568752440] DEBUG - NetworkService: Setting up multicast listener on 0.0.0.0:1901
Dec 29, 2025 12:50:58.879 [140045568752440] DEBUG - NetworkService: Browsing on interface 192.168.0.100 on broadcast address 239.255.255.250 (index: 0)
Dec 29, 2025 12:50:58.879 [140045568752440] DEBUG - NetworkService: Browsing on interface 172.17.0.1 on broadcast address 239.255.255.250 (index: 1)
Dec 29, 2025 12:50:58.879 [140045568752440] DEBUG - NetworkService: Browsing on interface 172.18.0.1 on broadcast address 239.255.255.250 (index: 2)
Dec 29, 2025 12:50:58.881 [140045562293048] DEBUG - [ChildProcessMonitor] Plex Tuner Service starting.
Dec 29, 2025 12:50:58.881 [140045564472120] DEBUG - [DatabaseFixups] Running fix-ups.
Dec 29, 2025 12:50:58.881 [140045564472120] DEBUG - [DatabaseFixups/31DatabaseFixupsCleanupRetroGames] Executing fixup
Dec 29, 2025 12:50:58.881 [140045562293048] DEBUG - [ChildProcessMonitor/JobRunner] Job running: "/usr/lib/plexmediaserver/Plex Tuner Service" /usr/lib/plexmediaserver/Resources/Tuner/Private /usr/lib/plexmediaserver/Resources/Tuner/Shared 1.42.2.10156-f737b826c 32600
Dec 29, 2025 12:50:58.881 [140045564472120] DEBUG - [DatabaseFixups/31DatabaseFixupsCleanupRetroGames] Fixup completed
Dec 29, 2025 12:50:58.881 [140045564472120] DEBUG - [DatabaseFixups/39DatabaseFixupsEnsureLibrarySectionUuids] Executing fixup
Dec 29, 2025 12:50:58.881 [140045562293048] DEBUG - [ChildProcessMonitor/JobRunner] Jobs: Starting child process with pid 266
Dec 29, 2025 12:50:58.881 [140045566581560] DEBUG - [HCl#4] HTTP requesting GET https://plex.tv/api/v2/release_channels?X-Plex-Token=
Dec 29, 2025 12:50:58.882 [140045560183608] DEBUG - [HCl#5] HTTP requesting GET https://plex.tv/api/v2/user/privacy?X-Plex-Token=
Dec 29, 2025 12:50:58.882 [140045553830712] DEBUG - [HCl#6] HTTP requesting GET https://plex.tv/api/v2/features?X-Plex-Token=
Dec 29, 2025 12:50:58.882 [140045608233616] DEBUG - Waiting for server condition to be signaled.
Dec 29, 2025 12:50:58.882 [140045549558584] DEBUG - DVR: Starting up.
Dec 29, 2025 12:50:58.883 [140045564472120] DEBUG - [DatabaseFixups/39DatabaseFixupsEnsureLibrarySectionUuids] Fixup completed
Dec 29, 2025 12:50:58.883 [140045564472120] DEBUG - [DatabaseFixups/38DatabaseFixupsEnsureMetadataItemHashes] Executing fixup
Dec 29, 2025 12:50:58.883 [140045564472120] DEBUG - [DatabaseFixups/38DatabaseFixupsEnsureMetadataItemHashes] Fixup completed
Dec 29, 2025 12:50:58.883 [140045564472120] DEBUG - [DatabaseFixups/39DatabaseFixupsSetDefaultAccountLanguage] Executing fixup
Dec 29, 2025 12:50:58.883 [140045564472120] DEBUG - [DatabaseFixups/39DatabaseFixupsSetDefaultAccountLanguage] Fixup completed
Dec 29, 2025 12:50:58.883 [140045564472120] DEBUG - [DatabaseFixups/52DatabaseFixupsCreateDefaultMediaProcessingTargetTags] Executing fixup
Dec 29, 2025 12:50:58.884 [140045547449144] DEBUG - MyPlex: Sending unclaimed device connections
Dec 29, 2025 12:50:58.884 [140045547449144] DEBUG - [HCl#7] HTTP requesting POST https://plex.tv/devices/6824e981caa73ca305a0f0d7debf19a40b0c2da5/unclaimed?Connection[][uri]=http://192.168.0.100:32400&Connection[][uri]=http://172.17.0.1:32400&Connection[][uri]=http://172.18.0.1:32400
Dec 29, 2025 12:50:58.884 [140045549558584] DEBUG - Activity: registered new activity d3842a6c-3899-4ae9-a813-5d3e649f0cbe - "Processing subscriptions"
Dec 29, 2025 12:50:58.885 [140045564472120] DEBUG - [DatabaseFixups/52DatabaseFixupsCreateDefaultMediaProcessingTargetTags] Fixup completed
Dec 29, 2025 12:50:58.885 [140045564472120] DEBUG - [DatabaseFixups/43DatabaseFixupsUpdateAutomaticLibraryFolders] Executing fixup
Dec 29, 2025 12:50:58.885 [140045564472120] DEBUG - [DatabaseFixups/43DatabaseFixupsUpdateAutomaticLibraryFolders] Fixup completed
Dec 29, 2025 12:50:58.885 [140045564472120] DEBUG - [DatabaseFixups/29DatabaseFixupsSyncCollections] Executing fixup
Dec 29, 2025 12:50:58.885 [140045564472120] DEBUG - [DatabaseFixups/29DatabaseFixupsSyncCollections] Fixup completed
Dec 29, 2025 12:50:58.885 [140045564472120] DEBUG - [DatabaseFixups/31DatabaseFixupsCleanupActivities] Executing fixup
Dec 29, 2025 12:50:58.885 [140045564472120] DEBUG - [DatabaseFixups/31DatabaseFixupsCleanupActivities] Fixup completed
Dec 29, 2025 12:50:58.885 [140045564472120] DEBUG - [DatabaseFixups/35DatabaseFixupsConsolidatePeopleTags] Executing fixup
Dec 29, 2025 12:50:58.886 [140045564472120] DEBUG - [DatabaseFixups/35DatabaseFixupsConsolidatePeopleTags] Fixup completed
Dec 29, 2025 12:50:58.886 [140045564472120] DEBUG - [DatabaseFixups/54DatabaseFixupsGarbageCollectTransientMetadataRelations] Executing fixup
Dec 29, 2025 12:50:58.886 [140045564472120] DEBUG - [DatabaseFixups/54DatabaseFixupsGarbageCollectTransientMetadataRelations] Fixup completed
Dec 29, 2025 12:50:58.886 [140045564472120] DEBUG - [DatabaseFixups/48DatabaseFixupsResetCorruptedMetadataItemClusters] Executing fixup
Dec 29, 2025 12:50:58.887 [140045564472120] DEBUG - [DatabaseFixups/48DatabaseFixupsResetCorruptedMetadataItemClusters] Fixup completed
Dec 29, 2025 12:50:58.887 [140045564472120] DEBUG - [DatabaseFixups] Running database fix-ups completed in 0.0 seconds.
Dec 29, 2025 12:50:59.334 [140045579447096] DEBUG - [HttpClient/HCl#5] HTTP/1.1 (0.5s) 200 response from GET https://plex.tv/api/v2/user/privacy?X-Plex-Token=
Dec 29, 2025 12:50:59.363 [140045579447096] DEBUG - [HttpClient/HCl#7] HTTP/1.1 (0.5s) 200 response from POST https://plex.tv/devices/6824e981caa73ca305a0f0d7debf19a40b0c2da5/unclaimed?Connection[][uri]=http://192.168.0.100:32400&Connection[][uri]=http://172.17.0.1:32400&Connection[][uri]=http://172.18.0.1:32400
Dec 29, 2025 12:50:59.373 [140045579447096] DEBUG - [HttpClient/HCl#4] HTTP/1.1 (0.5s) 200 response from GET https://plex.tv/api/v2/release_channels?X-Plex-Token=
Dec 29, 2025 12:50:59.391 [140045579447096] DEBUG - [HttpClient/HCl#6] HTTP/1.1 (0.5s) 200 response from GET https://plex.tv/api/v2/features?X-Plex-Token=
Dec 29, 2025 12:50:59.523 [140045553830712] DEBUG - [HCl#8] HTTP requesting GET https://plex.tv/api/v2/server/users/features
Dec 29, 2025 12:50:59.656 [140045579447096] DEBUG - [HttpClient/HCl#8] HTTP/1.1 (0.1s) 401 response from GET https://plex.tv/api/v2/server/users/features (reused)
Dec 29, 2025 12:50:59.656 [140045533018936] ERROR - MyPlex: Error 401 requesting JSON from: https://plex.tv/api/v2/server/users/features
Dec 29, 2025 12:50:59.656 [140045553830712] WARN - FeatureManager: Couldn't get features. Trying again soon.
Dec 29, 2025 12:51:00.103 [140045579447096] DEBUG - [HttpClient/HCl#3] HTTP/1.1 (1.3s) 200 response from GET http://127.0.0.1:35847/system/agents
Dec 29, 2025 12:51:00.104 [140045583821624] DEBUG - [com.plexapp.system] HTTP reply status 200, with 8986 bytes of content.
Dec 29, 2025 12:51:00.107 [140045583821624] DEBUG - The system knows about 12 agents.
Dec 29, 2025 12:51:00.107 [140045545339704] DEBUG - Starting plug-in /usr/lib/plexmediaserver/Resources/Plug-ins-f737b826c/LyricFind.bundle.
Dec 29, 2025 12:51:00.107 [140045541120824] DEBUG - Starting plug-in /usr/lib/plexmediaserver/Resources/Plug-ins-f737b826c/LocalMedia.bundle.
Dec 29, 2025 12:51:00.107 [140045536869176] DEBUG - Starting plug-in /usr/lib/plexmediaserver/Resources/Plug-ins-f737b826c/PlexMovie.bundle.
Dec 29, 2025 12:51:00.108 [140045583821624] DEBUG - Waiting for 16 plug-ins to finish starting.
Dec 29, 2025 12:51:00.108 [140045545339704] DEBUG - Perfect cache hit, we don't need to start [com.plexapp.agents.lyricfind] yet.
Dec 29, 2025 12:51:00.108 [140045545339704] DEBUG - Starting plug-in /usr/lib/plexmediaserver/Resources/Plug-ins-f737b826c/WebClient.bundle.
Dec 29, 2025 12:51:00.109 [140045536869176] DEBUG - Perfect cache hit, we don't need to start [com.plexapp.agents.imdb] yet.
Dec 29, 2025 12:51:00.109 [140045536869176] DEBUG - Starting plug-in /usr/lib/plexmediaserver/Resources/Plug-ins-f737b826c/Musicbrainz.bundle.
Dec 29, 2025 12:51:00.109 [140045541120824] DEBUG - Perfect cache hit, we don't need to start [com.plexapp.agents.localmedia] yet.
Dec 29, 2025 12:51:00.109 [140045541120824] DEBUG - Starting plug-in /usr/lib/plexmediaserver/Resources/Plug-ins-f737b826c/Fanart-TV.bundle.
Dec 29, 2025 12:51:00.110 [140045545339704] DEBUG - Starting plug-in /usr/lib/plexmediaserver/Resources/Plug-ins-f737b826c/TheTVDB.bundle.
Dec 29, 2025 12:51:00.111 [140045536869176] DEBUG - Perfect cache hit, we don't need to start [org.musicbrainz.agents.music] yet.
Dec 29, 2025 12:51:00.111 [140045536869176] DEBUG - Starting plug-in /usr/lib/plexmediaserver/Resources/Plug-ins-f737b826c/Scanners.bundle.
Dec 29, 2025 12:51:00.111 [140045541120824] DEBUG - Perfect cache hit, we don't need to start [com.plexapp.agents.fanarttv] yet.
Dec 29, 2025 12:51:00.111 [140045541120824] DEBUG - Starting plug-in /usr/lib/plexmediaserver/Resources/Plug-ins-f737b826c/PersonalMedia.bundle.
Dec 29, 2025 12:51:00.112 [140045545339704] DEBUG - Perfect cache hit, we don't need to start [com.plexapp.agents.thetvdb] yet.
Dec 29, 2025 12:51:00.112 [140045545339704] DEBUG - Starting plug-in /usr/lib/plexmediaserver/Resources/Plug-ins-f737b826c/Framework.bundle.
Dec 29, 2025 12:51:00.113 [140045536869176] DEBUG - Starting plug-in /usr/lib/plexmediaserver/Resources/Plug-ins-f737b826c/HTbackdrops.bundle.
Dec 29, 2025 12:51:00.113 [140045541120824] DEBUG - Perfect cache hit, we don't need to start [com.plexapp.agents.none] yet.
Dec 29, 2025 12:51:00.113 [140045545339704] DEBUG - Starting plug-in /usr/lib/plexmediaserver/Resources/Plug-ins-f737b826c/Media-Flags.bundle.
Dec 29, 2025 12:51:00.113 [140045541120824] DEBUG - Starting plug-in /usr/lib/plexmediaserver/Resources/Plug-ins-f737b826c/PlexThemeMusic.bundle.
Dec 29, 2025 12:51:00.114 [140045545339704] DEBUG - Starting plug-in /usr/lib/plexmediaserver/Resources/Plug-ins-f737b826c/TheMovieDB.bundle.
Dec 29, 2025 12:51:00.115 [140045536869176] DEBUG - Perfect cache hit, we don't need to start [com.plexapp.agents.htbackdrops] yet.
Dec 29, 2025 12:51:00.115 [140045536869176] DEBUG - Starting plug-in /usr/lib/plexmediaserver/Resources/Plug-ins-f737b826c/LastFM.bundle.
Dec 29, 2025 12:51:00.115 [140045541120824] DEBUG - Perfect cache hit, we don't need to start [com.plexapp.agents.plexthememusic] yet.
Dec 29, 2025 12:51:00.115 [140045541120824] DEBUG - Starting plug-in /usr/lib/plexmediaserver/Resources/Plug-ins-f737b826c/MoviePosterDB.bundle.
Dec 29, 2025 12:51:00.116 [140045545339704] DEBUG - Perfect cache hit, we don't need to start [com.plexapp.agents.themoviedb] yet.
Dec 29, 2025 12:51:00.117 [140045541120824] DEBUG - Perfect cache hit, we don't need to start [com.plexapp.agents.movieposterdb] yet.
Dec 29, 2025 12:51:00.117 [140045536869176] DEBUG - Perfect cache hit, we don't need to start [com.plexapp.agents.lastfm] yet.
Dec 29, 2025 12:51:00.117 [140045583821624] DEBUG - Starting scheduled updates, every 3600 seconds
Dec 29, 2025 12:51:00.117 [140045583821624] INFO - LibraryUpdateManager path watching is disabled
Dec 29, 2025 12:51:00.117 [140045583821624] DEBUG - Done waiting for all plug-ins to start.
Dec 29, 2025 12:51:00.117 [140045583821624] DEBUG - PluginRepository::setStartState: 3, complete
Dec 29, 2025 12:51:00.117 [140045528746808] DEBUG - Downloading document http://127.0.0.1:32400/:/plugins/com.plexapp.agents.imdb/prefs
Dec 29, 2025 12:51:00.117 [140045528746808] DEBUG - Translator: Found locale hu_HU
Dec 29, 2025 12:51:00.117 [140045528746808] DEBUG - Translator: Found locale ja_JP
Dec 29, 2025 12:51:00.117 [140045528746808] DEBUG - Translator: Found locale it
Dec 29, 2025 12:51:00.117 [140045528746808] DEBUG - Translator: Found locale ar
Dec 29, 2025 12:51:00.117 [140045528746808] DEBUG - Translator: Found locale uk
Dec 29, 2025 12:51:00.117 [140045528746808] DEBUG - Translator: Found locale nl_BE
Dec 29, 2025 12:51:00.117 [140045528746808] DEBUG - Translator: Found locale da
Dec 29, 2025 12:51:00.117 [140045528746808] DEBUG - Translator: Found locale zh_CN
Dec 29, 2025 12:51:00.117 [140045528746808] DEBUG - Translator: Found locale lt
Dec 29, 2025 12:51:00.117 [140045528746808] DEBUG - Translator: Found locale fi
Dec 29, 2025 12:51:00.117 [140045528746808] DEBUG - Translator: Found locale pl
Dec 29, 2025 12:51:00.117 [140045528746808] DEBUG - Translator: Found locale ru
Dec 29, 2025 12:51:00.117 [140045528746808] DEBUG - Translator: Found locale af
Dec 29, 2025 12:51:00.117 [140045528746808] DEBUG - Translator: Found locale no
Dec 29, 2025 12:51:00.117 [140045528746808] DEBUG - Translator: Found locale sv
Dec 29, 2025 12:51:00.117 [140045528746808] DEBUG - Translator: Found locale ro
Dec 29, 2025 12:51:00.117 [140045528746808] DEBUG - Translator: Found locale cs_CZ
Dec 29, 2025 12:51:00.117 [140045528746808] DEBUG - Translator: Found locale es
Dec 29, 2025 12:51:00.117 [140045528746808] DEBUG - Translator: Found locale sl
Dec 29, 2025 12:51:00.117 [140045528746808] DEBUG - Translator: Found locale ko
Dec 29, 2025 12:51:00.118 [140045528746808] DEBUG - Translator: Found locale sk
Dec 29, 2025 12:51:00.118 [140045528746808] DEBUG - Translator: Found locale sr
Dec 29, 2025 12:51:00.118 [140045528746808] DEBUG - Translator: Found locale en
Dec 29, 2025 12:51:00.118 [140045528746808] DEBUG - Translator: Found locale nl
Dec 29, 2025 12:51:00.118 [140045528746808] DEBUG - Translator: Found locale pt
Dec 29, 2025 12:51:00.118 [140045528746808] DEBUG - Translator: Found locale et_EE
Dec 29, 2025 12:51:00.118 [140045528746808] DEBUG - Translator: Found locale de
Dec 29, 2025 12:51:00.118 [140045528746808] DEBUG - Translator: Found locale pt_BR
Dec 29, 2025 12:51:00.118 [140045528746808] DEBUG - Translator: Found locale hu
Dec 29, 2025 12:51:00.118 [140045528746808] DEBUG - Translator: Found locale he
Dec 29, 2025 12:51:00.118 [140045528746808] DEBUG - Translator: Found locale hr_HR
Dec 29, 2025 12:51:00.118 [140045528746808] DEBUG - Translator: Found locale fr
Dec 29, 2025 12:51:00.134 [140045528746808] DEBUG - [Req#c] Starting file watcher for com.plexapp.agents.imdb
Dec 29, 2025 12:51:00.134 [140045528746808] DEBUG - [Req#c] Plugin: setting environment variable: 'PYTHONHOME=/usr/lib/plexmediaserver/Resources/Python'
Dec 29, 2025 12:51:00.134 [140045528746808] DEBUG - [Req#c] Plugin: setting environment variable: 'PYTHONPATH=/usr/lib/plexmediaserver/Resources/Python/python27.zip:/usr/lib/plexmediaserver/Resources/Python/lib/python2.7/site-packages'
Dec 29, 2025 12:51:00.135 [140045528746808] DEBUG - [Req#c] Spawned plug-in com.plexapp.agents.imdb with PID 310
Dec 29, 2025 12:51:00.135 [140045528746808] DEBUG - [Req#c] [com.plexapp.agents.imdb] Sending command: GET /:/prefixes
Dec 29, 2025 12:51:00.948 [140045575195448] DEBUG - Request: [127.0.0.1:34472 (Loopback)] GET /system/messaging/clear_events/com.plexapp.agents.imdb (3 live) #8 GZIP Token ()
Dec 29, 2025 12:51:00.949 [140045575195448] DEBUG - [Req#8] [com.plexapp.system] Sending command over HTTP (GET): /system/messaging/clear_events/com.plexapp.agents.imdb
Dec 29, 2025 12:51:00.949 [140045575195448] DEBUG - [Req#8/HCl#9] HTTP requesting GET http://127.0.0.1:35847/system/messaging/clear_events/com.plexapp.agents.imdb
Dec 29, 2025 12:51:00.971 [140045579447096] DEBUG - [HttpClient/HCl#9] HTTP/1.1 (0.0s) 200 response from GET http://127.0.0.1:35847/system/messaging/clear_events/com.plexapp.agents.imdb (reused)
Dec 29, 2025 12:51:00.971 [140045575195448] DEBUG - [Req#8] [com.plexapp.system] HTTP reply status 200, with 0 bytes of content.
Dec 29, 2025 12:51:00.971 [140045591178040] DEBUG - Completed: [127.0.0.1:34472] 200 GET /system/messaging/clear_events/com.plexapp.agents.imdb (3 live) #8 GZIP 22ms 280 bytes
Dec 29, 2025 12:51:01.050 [140045575195448] DEBUG - Request: [127.0.0.1:34476 (Loopback)] GET /:/plugins/com.plexapp.system/resourceHashes (3 live) #e GZIP Token ()
Dec 29, 2025 12:51:01.050 [140045575195448] DEBUG - [Req#e] [com.plexapp.system] Sending command over HTTP (GET): /:/plugins/com.plexapp.system/resourceHashes
Dec 29, 2025 12:51:01.050 [140045575195448] DEBUG - [Req#e/HCl#a] HTTP requesting GET http://127.0.0.1:35847/:/plugins/com.plexapp.system/resourceHashes
Dec 29, 2025 12:51:01.401 [140045579447096] DEBUG - [HttpClient/HCl#a] HTTP/1.1 (0.4s) 404 response from GET http://127.0.0.1:35847/:/plugins/com.plexapp.system/resourceHashes
Dec 29, 2025 12:51:01.402 [140045575195448] DEBUG - [Req#e] [com.plexapp.system] HTTP reply status 404, with 0 bytes of content.
Dec 29, 2025 12:51:01.402 [140045591178040] DEBUG - Completed: [127.0.0.1:34476] 404 GET /:/plugins/com.plexapp.system/resourceHashes (3 live) #e GZIP 352ms 261 bytes
Dec 29, 2025 12:51:01.418 [140045575195448] DEBUG - Request: [127.0.0.1:34492 (Loopback)] GET /:/plugins/com.plexapp.system/messaging/function/X0J1bmRsZVNlcnZpY2U6QWxsU2VydmljZXM_/Y2VyZWFsMQoxCmxpc3QKMApyMAo_/Y2VyZWFsMQoxCmRpY3QKMApyMAo_ (3 live) #10 GZIP Token ()
Dec 29, 2025 12:51:01.418 [140045575195448] DEBUG - [Req#10] [com.plexapp.system] Sending command over HTTP (GET): /:/plugins/com.plexapp.system/messaging/function/X0J1bmRsZVNlcnZpY2U6QWxsU2VydmljZXM_/Y2VyZWFsMQoxCmxpc3QKMApyMAo_/Y2VyZWFsMQoxCmRpY3QKMApyMAo_
Dec 29, 2025 12:51:01.418 [140045575195448] DEBUG - [Req#10/HCl#b] HTTP requesting GET http://127.0.0.1:35847/:/plugins/com.plexapp.system/messaging/function/X0J1bmRsZVNlcnZpY2U6QWxsU2VydmljZXM_/Y2VyZWFsMQoxCmxpc3QKMApyMAo_/Y2VyZWFsMQoxCmRpY3QKMApyMAo_
Dec 29, 2025 12:51:01.421 [140045536869176] DEBUG - Request: [127.0.0.1:34504 (Loopback)] GET / (4 live) #12 GZIP Token ()
Dec 29, 2025 12:51:01.423 [140045591178040] DEBUG - Completed: [127.0.0.1:34504] 200 GET / (4 live) #12 GZIP 2ms 2582 bytes
Dec 29, 2025 12:51:01.425 [140045579447096] DEBUG - [HttpClient/HCl#b] HTTP/1.1 (0.0s) 200 response from GET http://127.0.0.1:35847/:/plugins/com.plexapp.system/messaging/function/X0J1bmRsZVNlcnZpY2U6QWxsU2VydmljZXM_/Y2VyZWFsMQoxCmxpc3QKMApyMAo_/Y2VyZWFsMQoxCmRpY3QKMApyMAo_
Dec 29, 2025 12:51:01.425 [140045575195448] DEBUG - [Req#10] [com.plexapp.system] HTTP reply status 200, with 516 bytes of content.
Dec 29, 2025 12:51:01.425 [140045591178040] DEBUG - Completed: [127.0.0.1:34492] 200 GET /:/plugins/com.plexapp.system/messaging/function/X0J1bmRsZVNlcnZpY2U6QWxsU2VydmljZXM_/Y2VyZWFsMQoxCmxpc3QKMApyMAo_/Y2VyZWFsMQoxCmRpY3QKMApyMAo_ (3 live) #10 GZIP 7ms 746 bytes
Dec 29, 2025 12:51:01.788 [140045570861880] DEBUG - NetworkInterface: received Netlink message len=1472, type=RTM_NEWLINK, flags=0x0
Dec 29, 2025 12:51:01.788 [140045570861880] DEBUG - NetworkInterface: Netlink information message family=0, type=1, index=37, flags=0x1002, change=0xffffffff
Dec 29, 2025 12:51:01.788 [140045570861880] DEBUG - Network change.
Dec 29, 2025 12:51:01.788 [140045570861880] DEBUG - NetworkInterface: Notified of network changed (force=0)
Dec 29, 2025 12:51:01.789 [140045570861880] DEBUG - Network change notification but nothing changed.
Dec 29, 2025 12:51:01.789 [140045570861880] DEBUG - NetworkInterface: received Netlink message len=1828, type=RTM_NEWLINK, flags=0x0
Dec 29, 2025 12:51:01.789 [140045570861880] DEBUG - NetworkInterface: Netlink information message family=0, type=1, index=37, flags=0x1002, change=0x0
Dec 29, 2025 12:51:01.789 [140045570861880] DEBUG - Network change.
Dec 29, 2025 12:51:01.789 [140045570861880] DEBUG - NetworkInterface: Notified of network changed (force=0)
Dec 29, 2025 12:51:01.790 [140045570861880] DEBUG - Network change notification but nothing changed.
Dec 29, 2025 12:51:01.790 [140045570861880] DEBUG - NetworkInterface: received Netlink message len=1828, type=RTM_NEWLINK, flags=0x0
Dec 29, 2025 12:51:01.790 [140045570861880] DEBUG - NetworkInterface: Netlink information message family=0, type=1, index=37, flags=0x1002, change=0x100
Dec 29, 2025 12:51:01.790 [140045570861880] DEBUG - Network change.
Dec 29, 2025 12:51:01.790 [140045570861880] DEBUG - NetworkInterface: Notified of network changed (force=0)
Dec 29, 2025 12:51:01.790 [140045570861880] DEBUG - Network change notification but nothing changed.
Dec 29, 2025 12:51:01.790 [140045570861880] DEBUG - NetworkInterface: received Netlink message len=440, type=RTM_NEWLINK, flags=0x0
Dec 29, 2025 12:51:01.790 [140045570861880] DEBUG - NetworkInterface: Netlink information message family=7, type=1, index=37, flags=0x1002, change=0x0
Dec 29, 2025 12:51:01.790 [140045570861880] DEBUG - Network change.
Dec 29, 2025 12:51:01.790 [140045570861880] DEBUG - NetworkInterface: Notified of network changed (force=0)
Dec 29, 2025 12:51:01.791 [140045570861880] DEBUG - Network change notification but nothing changed.
Dec 29, 2025 12:51:01.792 [140045570861880] DEBUG - NetworkInterface: received Netlink message len=1828, type=RTM_NEWLINK, flags=0x0
Dec 29, 2025 12:51:01.792 [140045570861880] DEBUG - NetworkInterface: Netlink information message family=0, type=1, index=37, flags=0x1002, change=0x0
Dec 29, 2025 12:51:01.792 [140045570861880] DEBUG - Network change.
Dec 29, 2025 12:51:01.792 [140045570861880] DEBUG - NetworkInterface: Notified of network changed (force=0)
Dec 29, 2025 12:51:01.793 [140045570861880] DEBUG - Network change notification but nothing changed.
Dec 29, 2025 12:51:01.793 [140045570861880] DEBUG - NetworkInterface: received Netlink message len=440, type=RTM_NEWLINK, flags=0x0
Dec 29, 2025 12:51:01.793 [140045570861880] DEBUG - NetworkInterface: Netlink information message family=7, type=1, index=37, flags=0x1002, change=0x0
Dec 29, 2025 12:51:01.793 [140045570861880] DEBUG - Network change.
Dec 29, 2025 12:51:01.793 [140045570861880] DEBUG - NetworkInterface: Notified of network changed (force=0)
Dec 29, 2025 12:51:01.793 [140045570861880] DEBUG - Network change notification but nothing changed.
Dec 29, 2025 12:51:01.793 [140045570861880] DEBUG - NetworkInterface: received Netlink message len=1828, type=RTM_NEWLINK, flags=0x0
Dec 29, 2025 12:51:01.793 [140045570861880] DEBUG - NetworkInterface: Netlink information message family=0, type=1, index=37, flags=0x1003, change=0x1
Dec 29, 2025 12:51:01.793 [140045570861880] DEBUG - Network change.
Dec 29, 2025 12:51:01.793 [140045570861880] DEBUG - NetworkInterface: Notified of network changed (force=0)
Dec 29, 2025 12:51:01.794 [140045570861880] DEBUG - Network change notification but nothing changed.
Dec 29, 2025 12:51:01.794 [140045570861880] DEBUG - NetworkInterface: received Netlink message len=440, type=RTM_NEWLINK, flags=0x0
Dec 29, 2025 12:51:01.794 [140045570861880] DEBUG - NetworkInterface: Netlink information message family=7, type=1, index=37, flags=0x1003, change=0x0
Dec 29, 2025 12:51:01.794 [140045570861880] DEBUG - Network change.
Dec 29, 2025 12:51:01.794 [140045570861880] DEBUG - NetworkInterface: Notified of network changed (force=0)
Dec 29, 2025 12:51:01.794 [140045570861880] DEBUG - Network change notification but nothing changed.
Dec 29, 2025 12:51:01.884 [140045543230264] DEBUG - [MediaProviderManager] Refreshing media providers
Dec 29, 2025 12:51:01.943 [140045543230264] DEBUG - [MediaProviderManager] we had 1 cloud providers online, we now have 1
Dec 29, 2025 12:51:01.943 [140045543230264] DEBUG - [MediaProviderManager] cloud provider (Metadata) is online and available
Dec 29, 2025 12:51:01.943 [140045543230264] DEBUG - [MediaProviderManager] Media provider refresh complete
Dec 29, 2025 12:51:01.951 [140045570861880] DEBUG - NetworkInterface: received Netlink message len=440, type=RTM_NEWLINK, flags=0x0
Dec 29, 2025 12:51:01.951 [140045570861880] DEBUG - NetworkInterface: Netlink information message family=7, type=1, index=37, flags=0x11043, change=0x0
Dec 29, 2025 12:51:01.951 [140045570861880] DEBUG - Network change.
Dec 29, 2025 12:51:01.951 [140045570861880] DEBUG - NetworkInterface: Notified of network changed (force=0)
Dec 29, 2025 12:51:01.952 [140045570861880] DEBUG - Network change notification but nothing changed.
Dec 29, 2025 12:51:01.952 [140045570861880] DEBUG - NetworkInterface: received Netlink message len=440, type=RTM_NEWLINK, flags=0x0
Dec 29, 2025 12:51:01.952 [140045570861880] DEBUG - NetworkInterface: Netlink information message family=7, type=1, index=37, flags=0x11043, change=0x0
Dec 29, 2025 12:51:01.952 [140045570861880] DEBUG - Network change.
Dec 29, 2025 12:51:01.952 [140045570861880] DEBUG - NetworkInterface: Notified of network changed (force=0)
Dec 29, 2025 12:51:01.952 [140045570861880] DEBUG - Network change notification but nothing changed.
Dec 29, 2025 12:51:01.952 [140045570861880] DEBUG - NetworkInterface: received Netlink message len=1828, type=RTM_NEWLINK, flags=0x0
Dec 29, 2025 12:51:01.952 [140045570861880] DEBUG - NetworkInterface: Netlink information message family=0, type=1, index=37, flags=0x11043, change=0x0
Dec 29, 2025 12:51:01.952 [140045570861880] DEBUG - Network change.
Dec 29, 2025 12:51:01.952 [140045570861880] DEBUG - NetworkInterface: Notified of network changed (force=0)
Dec 29, 2025 12:51:01.953 [140045570861880] DEBUG - Network change notification but nothing changed.
Dec 29, 2025 12:51:02.135 [140045536869176] DEBUG - Request: [127.0.0.1:34518 (Loopback)] GET /:/plugins/com.plexapp.system/messaging/function/X0FnZW50U2VydmljZTpVcGRhdGVJbmZv/Y2VyZWFsMQoxCmxpc3QKMApyMAo_/Y2VyZWFsMQo3CmRpY3QKbGlzdApkaWN0Cmxpc3QKbGlzdApsaXN0Cmxpc3QKMgpzMjMKY29tLnBsZXhhcHAuYWdlbnRzLmltZGJzMTAKaWRlbnRpZmllcnIxCnMxMAphZ2VudF9pbmZvMQpyMgoxMApyMwpzMTEKbWVkaWFfdHlwZXNyNApzMTIKYWNjZXB0c19mcm9tbnMxNApmYWxsYmFja19hZ2VudHI1CnMxNApjb250cmlidXRlc190b3I2CnM5Cmxhbmd1YWdlc2IxczIwCnBlcnNpc3Rfc3RvcmVkX2ZpbGVzaTAKczcKdmVyc2lvbmIxczE2CnByaW1hcnlfcHJvdmlkZXJiMXM1CnByZWZzczE5ClBsZXggTW92aWUgKExlZ2FjeSlzNApuYW1lMQpzNQpNb3ZpZTEKczI5CmNvbS5wbGV4YXBwLmFnZW50cy5sb2NhbG1lZGlhMQpzMjkKY29tLnBsZXhhcHAuYWdlbnRzLnRoZW1vdmllZGIzMwpzMgplbnMyCnN2czIKZnJzMgplc3MyCm5sczIKZGVzMgppdHMyCmRhczIKYXJzMgpjYXMyCnpoczIKY3NzMgpldHMyCmZpczIKZWxzMgpoZXMyCmhpczIKaHVzMgppZHMyCmphczIKa29zMgpsdnMyCm5vczIKZmFzMgpwbHMyCnB0czIKcm9zMgpydXMyCnNrczIKdGhzMgp0cnMyCnVrczIKdmlyMAo_ (3 live) #13 GZIP Token ()
Dec 29, 2025 12:51:02.136 [140045536869176] DEBUG - [Req#13] [com.plexapp.system] Sending command over HTTP (GET): /:/plugins/com.plexapp.system/messaging/function/X0FnZW50U2VydmljZTpVcGRhdGVJbmZv/Y2VyZWFsMQoxCmxpc3QKMApyMAo_/Y2VyZWFsMQo3CmRpY3QKbGlzdApkaWN0Cmxpc3QKbGlzdApsaXN0Cmxpc3QKMgpzMjMKY29tLnBsZXhhcHAuYWdlbnRzLmltZGJzMTAKaWRlbnRpZmllcnIxCnMxMAphZ2VudF9pbmZvMQpyMgoxMApyMwpzMTEKbWVkaWFfdHlwZXNyNApzMTIKYWNjZXB0c19mcm9tbnMxNApmYWxsYmFja19hZ2VudHI1CnMxNApjb250cmlidXRlc190b3I2CnM5Cmxhbmd1YWdlc2IxczIwCnBlcnNpc3Rfc3RvcmVkX2ZpbGVzaTAKczcKdmVyc2lvbmIxczE2CnByaW1hcnlfcHJvdmlkZXJiMXM1CnByZWZzczE5ClBsZXggTW92aWUgKExlZ2FjeSlzNApuYW1lMQpzNQpNb3ZpZTEKczI5CmNvbS5wbGV4YXBwLmFnZW50cy5sb2NhbG1lZGlhMQpzMjkKY29tLnBsZXhhcHAuYWdlbnRzLnRoZW1vdmllZGIzMwpzMgplbnMyCnN2czIKZnJzMgplc3MyCm5sczIKZGVzMgppdHMyCmRhczIKYXJzMgpjYXMyCnpoczIKY3NzMgpldHMyCmZpczIKZWxzMgpoZXMyCmhpczIKaHVzMgppZHMyCmphczIKa29zMgpsdnMyCm5vczIKZmFzMgpwbHMyCnB0czIKcm9zMgpydXMyCnNrczIKdGhzMgp0cnMyCnVrczIKdmlyMAo_
Dec 29, 2025 12:51:02.136 [140045536869176] DEBUG - [Req#13/HCl#d] HTTP requesting GET http://127.0.0.1:35847/:/plugins/com.plexapp.system/messaging/function/X0FnZW50U2VydmljZTpVcGRhdGVJbmZv/Y2VyZWFsMQoxCmxpc3QKMApyMAo_/Y2VyZWFsMQo3CmRpY3QKbGlzdApkaWN0Cmxpc3QKbGlzdApsaXN0Cmxpc3QKMgpzMjMKY29tLnBsZXhhcHAuYWdlbnRzLmltZGJzMTAKaWRlbnRpZmllcnIxCnMxMAphZ2VudF9pbmZvMQpyMgoxMApyMwpzMTEKbWVkaWFfdHlwZXNyNApzMTIKYWNjZXB0c19mcm9tbnMxNApmYWxsYmFja19hZ2VudHI1CnMxNApjb250cmlidXRlc190b3I2CnM5Cmxhbmd1YWdlc2IxczIwCnBlcnNpc3Rfc3RvcmVkX2ZpbGVzaTAKczcKdmVyc2lvbmIxczE2CnByaW1hcnlfcHJvdmlkZXJiMXM1CnByZWZzczE5ClBsZXggTW92aWUgKExlZ2FjeSlzNApuYW1lMQpzNQpNb3ZpZTEKczI5CmNvbS5wbGV4YXBwLmFnZW50cy5sb2NhbG1lZGlhMQpzMjkKY29tLnBsZXhhcHAuYWdlbnRzLnRoZW1vdmllZGIzMwpzMgplbnMyCnN2czIKZnJzMgplc3MyCm5sczIKZGVzMgppdHMyCmRhczIKYXJzMgpjYXMyCnpoczIKY3NzMgpldHMyCmZpczIKZWxzMgpoZXMyCmhpczIKaHVzMgppZHMyCmphczIKa29zMgpsdnMyCm5vczIKZmFzMgpwbHMyCnB0czIKcm9zMgpydXMyCnNrczIKdGhzMgp0cnMyCnVrczIKdmlyMAo_
Dec 29, 2025 12:51:02.140 [140045579447096] DEBUG - [HttpClient/HCl#d] HTTP/1.1 (0.0s) 200 response from GET http://127.0.0.1:35847/:/plugins/com.plexapp.system/messaging/function/X0FnZW50U2VydmljZTpVcGRhdGVJbmZv/Y2VyZWFsMQoxCmxpc3QKMApyMAo_/Y2VyZWFsMQo3CmRpY3QKbGlzdApkaWN0Cmxpc3QKbGlzdApsaXN0Cmxpc3QKMgpzMjMKY29tLnBsZXhhcHAuYWdlbnRzLmltZGJzMTAKaWRlbnRpZmllcnIxCnMxMAphZ2VudF9pbmZvMQpyMgoxMApyMwpzMTEKbWVkaWFfdHlwZXNyNApzMTIKYWNjZXB0c19mcm9tbnMxNApmYWxsYmFja19hZ2VudHI1CnMxNApjb250cmlidXRlc190b3I2CnM5Cmxhbmd1YWdlc2IxczIwCnBlcnNpc3Rfc3RvcmVkX2ZpbGVzaTAKczcKdmVyc2lvbmIxczE2CnByaW1hcnlfcHJvdmlkZXJiMXM1CnByZWZzczE5ClBsZXggTW92aWUgKExlZ2FjeSlzNApuYW1lMQpzNQpNb3ZpZTEKczI5CmNvbS5wbGV4YXBwLmFnZW50cy5sb2NhbG1lZGlhMQpzMjkKY29tLnBsZXhhcHAuYWdlbnRzLnRoZW1vdmllZGIzMwpzMgplbnMyCnN2czIKZnJzMgplc3MyCm5sczIKZGVzMgppdHMyCmRhczIKYXJzMgpjYXMyCnpoczIKY3NzMgpldHMyCmZpczIKZWxzMgpoZXMyCmhpczIKaHVzMgppZHMyCmphczIKa29zMgpsdnMyCm5vczIKZmFzMgpwbHMyCnB0czIKcm9zMgpydXMyCnNrczIKdGhzMgp0cnMyCnVrczIKdmlyMAo_
Dec 29, 2025 12:51:02.140 [140045536869176] DEBUG - [Req#13] [com.plexapp.system] HTTP reply status 200, with 16 bytes of content.
Dec 29, 2025 12:51:02.140 [140045591178040] DEBUG - Completed: [127.0.0.1:34518] 200 GET /:/plugins/com.plexapp.system/messaging/function/X0FnZW50U2VydmljZTpVcGRhdGVJbmZv/Y2VyZWFsMQoxCmxpc3QKMApyMAo_/Y2VyZWFsMQo3CmRpY3QKbGlzdApkaWN0Cmxpc3QKbGlzdApsaXN0Cmxpc3QKMgpzMjMKY29tLnBsZXhhcHAuYWdlbnRzLmltZGJzMTAKaWRlbnRpZmllcnIxCnMxMAphZ2VudF9pbmZvMQpyMgoxMApyMwpzMTEKbWVkaWFfdHlwZXNyNApzMTIKYWNjZXB0c19mcm9tbnMxNApmYWxsYmFja19hZ2VudHI1CnMxNApjb250cmlidXRlc190b3I2CnM5Cmxhbmd1YWdlc2IxczIwCnBlcnNpc3Rfc3RvcmVkX2ZpbGVzaTAKczcKdmVyc2lvbmIxczE2CnByaW1hcnlfcHJvdmlkZXJiMXM1CnByZWZzczE5ClBsZXggTW92aWUgKExlZ2FjeSlzNApuYW1lMQpzNQpNb3ZpZTEKczI5CmNvbS5wbGV4YXBwLmFnZW50cy5sb2NhbG1lZGlhMQpzMjkKY29tLnBsZXhhcHAuYWdlbnRzLnRoZW1vdmllZGIzMwpzMgplbnMyCnN2czIKZnJzMgplc3MyCm5sczIKZGVzMgppdHMyCmRhczIKYXJzMgpjYXMyCnpoczIKY3NzMgpldHMyCmZpczIKZWxzMgpoZXMyCmhpczIKaHVzMgppZHMyCmphczIKa29zMgpsdnMyCm5vczIKZmFzMgpwbHMyCnB0czIKcm9zMgpydXMyCnNrczIKdGhzMgp0cnMyCnVrczIKdmlyMAo_ (3 live) #13 GZIP 4ms 415 bytes
Dec 29, 2025 12:51:02.144 [140045528746808] DEBUG - [Req#c] Reading 148 bytes in the body, code is 200
Dec 29, 2025 12:51:02.144 [140045528746808] DEBUG - [Req#c] [com.plexapp.agents.imdb] Plug-in running on port 43599.
Dec 29, 2025 12:51:02.144 [140045528746808] DEBUG - [Req#c] Read configuration for [com.plexapp.agents.imdb], had 0 prefixes
Dec 29, 2025 12:51:02.144 [140045528746808] DEBUG - [Req#c] [com.plexapp.agents.imdb] Sending command over HTTP (GET): /:/plugins/com.plexapp.agents.imdb/prefs
Dec 29, 2025 12:51:02.144 [140045528746808] DEBUG - [Req#c/HCl#e] HTTP requesting GET http://127.0.0.1:43599/:/plugins/com.plexapp.agents.imdb/prefs
Dec 29, 2025 12:51:02.174 [140045579447096] DEBUG - [HttpClient/HCl#e] HTTP/1.1 (0.0s) 200 response from GET http://127.0.0.1:43599/:/plugins/com.plexapp.agents.imdb/prefs
Dec 29, 2025 12:51:02.174 [140045528746808] DEBUG - [Req#c] [com.plexapp.agents.imdb] HTTP reply status 200, with 2224 bytes of content.
Dec 29, 2025 12:51:02.174 [140045528746808] DEBUG - Caching document http://127.0.0.1:32400/:/plugins/com.plexapp.agents.imdb/prefs as 1c57c81485fa539455cb19c19409e6ab3758016a
Dec 29, 2025 12:51:02.174 [140045528746808] DEBUG - IVA: Downloading trailer lists.
Dec 29, 2025 12:51:02.200 [140045528746808] DEBUG - IVA: Downloaded 38 trailers for source 1.
Dec 29, 2025 12:51:02.236 [140045528746808] DEBUG - IVA: Downloaded 28 trailers for source 2.
Dec 29, 2025 12:51:02.662 [140045570861880] DEBUG - NetworkInterface: received Netlink message len=440, type=RTM_NEWLINK, flags=0x0
Dec 29, 2025 12:51:02.662 [140045570861880] DEBUG - NetworkInterface: Netlink information message family=7, type=1, index=37, flags=0x1003, change=0x0
Dec 29, 2025 12:51:02.662 [140045570861880] DEBUG - Network change.
Dec 29, 2025 12:51:02.662 [140045570861880] DEBUG - NetworkInterface: Notified of network changed (force=0)
Dec 29, 2025 12:51:02.679 [140045570861880] DEBUG - Network change notification but nothing changed.
Dec 29, 2025 12:51:02.679 [140045570861880] DEBUG - NetworkInterface: received Netlink message len=1828, type=RTM_NEWLINK, flags=0x0
Dec 29, 2025 12:51:02.679 [140045570861880] DEBUG - NetworkInterface: Netlink information message family=0, type=1, index=37, flags=0x1003, change=0x0
Dec 29, 2025 12:51:02.679 [140045570861880] DEBUG - Network change.
Dec 29, 2025 12:51:02.679 [140045570861880] DEBUG - NetworkInterface: Notified of network changed (force=0)
Dec 29, 2025 12:51:02.681 [140045570861880] DEBUG - Network change notification but nothing changed.
Dec 29, 2025 12:51:02.681 [140045570861880] DEBUG - NetworkInterface: received Netlink message len=1464, type=RTM_NEWLINK, flags=0x0
Dec 29, 2025 12:51:02.681 [140045570861880] DEBUG - NetworkInterface: Netlink information message family=0, type=1, index=38, flags=0x1002, change=0xffffffff
Dec 29, 2025 12:51:02.681 [140045570861880] DEBUG - Network change.
Dec 29, 2025 12:51:02.681 [140045570861880] DEBUG - NetworkInterface: Notified of network changed (force=0)
Dec 29, 2025 12:51:02.682 [140045570861880] DEBUG - Network change notification but nothing changed.
Dec 29, 2025 12:51:02.846 [140045570861880] DEBUG - NetworkInterface: received Netlink message len=1820, type=RTM_NEWLINK, flags=0x0
Dec 29, 2025 12:51:02.846 [140045570861880] DEBUG - NetworkInterface: Netlink information message family=0, type=1, index=37, flags=0x1002, change=0x41
Dec 29, 2025 12:51:02.846 [140045570861880] DEBUG - Network change.
Dec 29, 2025 12:51:02.846 [140045570861880] DEBUG - NetworkInterface: Notified of network changed (force=0)
Dec 29, 2025 12:51:02.867 [140045570861880] DEBUG - Network change notification but nothing changed.
Dec 29, 2025 12:51:02.867 [140045570861880] DEBUG - NetworkInterface: received Netlink message len=440, type=RTM_NEWLINK, flags=0x0
Dec 29, 2025 12:51:02.867 [140045570861880] DEBUG - NetworkInterface: Netlink information message family=7, type=1, index=37, flags=0x1002, change=0x0
Dec 29, 2025 12:51:02.867 [140045570861880] DEBUG - Network change.
Dec 29, 2025 12:51:02.867 [140045570861880] DEBUG - NetworkInterface: Notified of network changed (force=0)
Dec 29, 2025 12:51:02.868 [140045570861880] DEBUG - Network change notification but nothing changed.
Dec 29, 2025 12:51:02.868 [140045570861880] DEBUG - NetworkInterface: received Netlink message len=656, type=RTM_DELLINK, flags=0x0
Dec 29, 2025 12:51:02.868 [140045570861880] DEBUG - NetworkInterface: Netlink information message family=0, type=1, index=38, flags=0x1002, change=0xffffffff
Dec 29, 2025 12:51:02.868 [140045570861880] DEBUG - NetworkInterface: received Netlink message len=440, type=RTM_NEWLINK, flags=0x0
Dec 29, 2025 12:51:02.868 [140045570861880] DEBUG - NetworkInterface: Netlink information message family=7, type=1, index=37, flags=0x1002, change=0x0
Dec 29, 2025 12:51:02.868 [140045570861880] DEBUG - Network change.
Dec 29, 2025 12:51:02.868 [140045570861880] DEBUG - NetworkInterface: Notified of network changed (force=0)
Dec 29, 2025 12:51:02.870 [140045570861880] DEBUG - Network change notification but nothing changed.
Dec 29, 2025 12:51:02.870 [140045570861880] DEBUG - NetworkInterface: received Netlink message len=104, type=RTM_DELLINK, flags=0x0
Dec 29, 2025 12:51:02.870 [140045570861880] DEBUG - NetworkInterface: Netlink information message family=7, type=1, index=37, flags=0x1002, change=0x0
Dec 29, 2025 12:51:02.870 [140045570861880] DEBUG - NetworkInterface: received Netlink message len=656, type=RTM_DELLINK, flags=0x0
Dec 29, 2025 12:51:02.870 [140045570861880] DEBUG - NetworkInterface: Netlink information message family=0, type=1, index=37, flags=0x1002, change=0xffffffff
Dec 29, 2025 12:51:03.682 [140045560183608] DEBUG - DVR:Device: Discovering and refreshing all devices.
Dec 29, 2025 12:51:03.682 [140045560183608] DEBUG - Grabber: HDHomerun discovered 0 compatible devices.
Dec 29, 2025 12:51:03.682 [140045560183608] DEBUG - [HCl#14] HTTP requesting POST http://127.0.0.1:32600/devices/discover
Dec 29, 2025 12:51:03.879 [140045568752440] DEBUG - [NSB] NetworkServiceBrowser: SERVER arrived: 127.0.0.1 (userver)
Dec 29, 2025 12:51:03.879 [140045568752440] DEBUG - [NSB] Notifying the system bundle an update to server /system/notify/serverUpdated?host=127.0.0.1
Dec 29, 2025 12:51:03.879 [140045568752440] DEBUG - [NSB] [com.plexapp.system] Sending command over HTTP (GET): /system/notify/serverUpdated?host=127.0.0.1
Dec 29, 2025 12:51:03.879 [140045568752440] DEBUG - [NSB/HCl#15] HTTP requesting GET http://127.0.0.1:35847/system/notify/serverUpdated?host=127.0.0.1
Dec 29, 2025 12:51:03.886 [140045536869176] DEBUG - Request: [127.0.0.1:51646 (Loopback)] GET /servers (2 live) #16 GZIP Token ()
Dec 29, 2025 12:51:03.887 [140045591178040] DEBUG - Completed: [127.0.0.1:51646] 200 GET /servers (2 live) #16 GZIP 1ms 491 bytes
Dec 29, 2025 12:51:03.895 [140045579447096] DEBUG - [HttpClient/HCl#15] HTTP/1.1 (0.0s) 200 response from GET http://127.0.0.1:35847/system/notify/serverUpdated?host=127.0.0.1
Dec 29, 2025 12:51:03.895 [140045568752440] DEBUG - [NSB] [com.plexapp.system] HTTP reply status 200, with 0 bytes of content.
Dec 29, 2025 12:51:06.125 [140045579447096] DEBUG - [HttpClient/HCl#14] HTTP/1.1 (2.4s) 200 response from POST http://127.0.0.1:32600/devices/discover
Dec 29, 2025 12:51:08.885 [140045560183608] DEBUG - Grabber: Cleaning up orphaned grabs.
Dec 29, 2025 12:51:08.885 [140045560183608] DEBUG - Grabber: Cleaned up 0 decrepit directories in 0.0 sec.
Dec 29, 2025 12:51:08.886 [140045560183608] DEBUG - Activity: registered new activity c2f4026a-cb09-4b68-ba88-b6256e0132bf - "Processing subscriptions"
Dec 29, 2025 12:51:08.886 [140045560183608] DEBUG - Subscription: Scheduling subscriptions.
Dec 29, 2025 12:51:08.887 [140045560183608] DEBUG - Subscription: Initialized 0 schedulers.
Dec 29, 2025 12:51:08.887 [140045560183608] DEBUG - Subscription: Starting with 0 grabs, scheduled 0 active ones preemptively.
Dec 29, 2025 12:51:08.887 [140045560183608] DEBUG - Subscription: Scheduled all subscriptions in 0 ms.
Dec 29, 2025 12:51:08.887 [140045560183608] DEBUG - Activity: Ended activity c2f4026a-cb09-4b68-ba88-b6256e0132bf.
Dec 29, 2025 12:51:08.887 [140045560183608] DEBUG - Subscription: There are 0 active grabs at the end.
Dec 29, 2025 12:51:08.888 [140045560183608] DEBUG - Activity: Ended activity d3842a6c-3899-4ae9-a813-5d3e649f0cbe.
Dec 29, 2025 12:51:08.888 [140045560183608] DEBUG - Subscription: Refreshed all content in 3 ms.
Dec 29, 2025 12:51:09.322 [140045570861880] DEBUG - NetworkInterface: received Netlink message len=1472, type=RTM_NEWLINK, flags=0x0
Dec 29, 2025 12:51:09.322 [140045570861880] DEBUG - NetworkInterface: Netlink information message family=0, type=1, index=39, flags=0x1002, change=0xffffffff
Dec 29, 2025 12:51:09.322 [140045570861880] DEBUG - Network change.
Dec 29, 2025 12:51:09.322 [140045570861880] DEBUG - NetworkInterface: Notified of network changed (force=0)
Dec 29, 2025 12:51:09.323 [140045570861880] DEBUG - Network change notification but nothing changed.
Dec 29, 2025 12:51:09.323 [140045570861880] DEBUG - NetworkInterface: received Netlink message len=1828, type=RTM_NEWLINK, flags=0x0
Dec 29, 2025 12:51:09.323 [140045570861880] DEBUG - NetworkInterface: Netlink information message family=0, type=1, index=39, flags=0x1002, change=0x0
Dec 29, 2025 12:51:09.323 [140045570861880] DEBUG - Network change.
Dec 29, 2025 12:51:09.323 [140045570861880] DEBUG - NetworkInterface: Notified of network changed (force=0)
Dec 29, 2025 12:51:09.323 [140045570861880] DEBUG - Network change notification but nothing changed.
Dec 29, 2025 12:51:09.323 [140045570861880] DEBUG - NetworkInterface: received Netlink message len=1828, type=RTM_NEWLINK, flags=0x0
Dec 29, 2025 12:51:09.323 [140045570861880] DEBUG - NetworkInterface: Netlink information message family=0, type=1, index=39, flags=0x1002, change=0x100
Dec 29, 2025 12:51:09.323 [140045570861880] DEBUG - Network change.
Dec 29, 2025 12:51:09.323 [140045570861880] DEBUG - NetworkInterface: Notified of network changed (force=0)
Dec 29, 2025 12:51:09.324 [140045570861880] DEBUG - Network change notification but nothing changed.
Dec 29, 2025 12:51:09.324 [140045570861880] DEBUG - NetworkInterface: received Netlink message len=440, type=RTM_NEWLINK, flags=0x0
Dec 29, 2025 12:51:09.324 [140045570861880] DEBUG - NetworkInterface: Netlink information message family=7, type=1, index=39, flags=0x1002, change=0x0
Dec 29, 2025 12:51:09.324 [140045570861880] DEBUG - Network change.
Dec 29, 2025 12:51:09.324 [140045570861880] DEBUG - NetworkInterface: Notified of network changed (force=0)
Dec 29, 2025 12:51:09.324 [140045570861880] DEBUG - Network change notification but nothing changed.
Dec 29, 2025 12:51:09.326 [140045570861880] DEBUG - NetworkInterface: received Netlink message len=1828, type=RTM_NEWLINK, flags=0x0
Dec 29, 2025 12:51:09.326 [140045570861880] DEBUG - NetworkInterface: Netlink information message family=0, type=1, index=39, flags=0x1002, change=0x0
Dec 29, 2025 12:51:09.326 [140045570861880] DEBUG - Network change.
Dec 29, 2025 12:51:09.326 [140045570861880] DEBUG - NetworkInterface: Notified of network changed (force=0)
Dec 29, 2025 12:51:09.327 [140045570861880] DEBUG - Network change notification but nothing changed.
Dec 29, 2025 12:51:09.327 [140045570861880] DEBUG - NetworkInterface: received Netlink message len=440, type=RTM_NEWLINK, flags=0x0
Dec 29, 2025 12:51:09.327 [140045570861880] DEBUG - NetworkInterface: Netlink information message family=7, type=1, index=39, flags=0x1002, change=0x0
Dec 29, 2025 12:51:09.327 [140045570861880] DEBUG - Network change.
Dec 29, 2025 12:51:09.327 [140045570861880] DEBUG - NetworkInterface: Notified of network changed (force=0)
Dec 29, 2025 12:51:09.327 [140045570861880] DEBUG - Network change notification but nothing changed.
Dec 29, 2025 12:51:09.327 [140045570861880] DEBUG - NetworkInterface: received Netlink message len=1828, type=RTM_NEWLINK, flags=0x0
Dec 29, 2025 12:51:09.327 [140045570861880] DEBUG - NetworkInterface: Netlink information message family=0, type=1, index=39, flags=0x1003, change=0x1
Dec 29, 2025 12:51:09.327 [140045570861880] DEBUG - Network change.
Dec 29, 2025 12:51:09.327 [140045570861880] DEBUG - NetworkInterface: Notified of network changed (force=0)
Dec 29, 2025 12:51:09.327 [140045570861880] DEBUG - Network change notification but nothing changed.
Dec 29, 2025 12:51:09.327 [140045570861880] DEBUG - NetworkInterface: received Netlink message len=440, type=RTM_NEWLINK, flags=0x0
Dec 29, 2025 12:51:09.327 [140045570861880] DEBUG - NetworkInterface: Netlink information message family=7, type=1, index=39, flags=0x1003, change=0x0
Dec 29, 2025 12:51:09.327 [140045570861880] DEBUG - Network change.
Dec 29, 2025 12:51:09.327 [140045570861880] DEBUG - NetworkInterface: Notified of network changed (force=0)
Dec 29, 2025 12:51:09.328 [140045570861880] DEBUG - Network change notification but nothing changed.
Dec 29, 2025 12:51:09.530 [140045570861880] DEBUG - NetworkInterface: received Netlink message len=440, type=RTM_NEWLINK, flags=0x0
Dec 29, 2025 12:51:09.530 [140045570861880] DEBUG - NetworkInterface: Netlink information message family=7, type=1, index=39, flags=0x11043, change=0x0
Dec 29, 2025 12:51:09.530 [140045570861880] DEBUG - Network change.
Dec 29, 2025 12:51:09.530 [140045570861880] DEBUG - NetworkInterface: Notified of network changed (force=0)
Dec 29, 2025 12:51:09.533 [140045570861880] DEBUG - Network change notification but nothing changed.
Dec 29, 2025 12:51:09.533 [140045570861880] DEBUG - NetworkInterface: received Netlink message len=440, type=RTM_NEWLINK, flags=0x0
Dec 29, 2025 12:51:09.533 [140045570861880] DEBUG - NetworkInterface: Netlink information message family=7, type=1, index=39, flags=0x11043, change=0x0
Dec 29, 2025 12:51:09.533 [140045570861880] DEBUG - Network change.
Dec 29, 2025 12:51:09.533 [140045570861880] DEBUG - NetworkInterface: Notified of network changed (force=0)
Dec 29, 2025 12:51:09.534 [140045570861880] DEBUG - Network change notification but nothing changed.
Dec 29, 2025 12:51:09.534 [140045570861880] DEBUG - NetworkInterface: received Netlink message len=1828, type=RTM_NEWLINK, flags=0x0
Dec 29, 2025 12:51:09.534 [140045570861880] DEBUG - NetworkInterface: Netlink information message family=0, type=1, index=39, flags=0x11043, change=0x0
Dec 29, 2025 12:51:09.534 [140045570861880] DEBUG - Network change.
Dec 29, 2025 12:51:09.534 [140045570861880] DEBUG - NetworkInterface: Notified of network changed (force=0)
Dec 29, 2025 12:51:09.536 [140045570861880] DEBUG - Network change notification but nothing changed.
Dec 29, 2025 12:51:09.833 [140045568752440] DEBUG - [NSB/SSDP] Parsing SSDP schema for http://192.168.0.1:52869/gatedesc.xml
Dec 29, 2025 12:51:09.837 [140045579447096] DEBUG - [HttpClient/HCl#16] HTTP/1.1 (0.0s) 200 response from GET http://192.168.0.1:52869/gatedesc.xml
Dec 29, 2025 12:51:09.838 [140045568752440] DEBUG - [NSB/SSDP] found 3 SSDP devices via http://192.168.0.1:52869/gatedesc.xml
Dec 29, 2025 12:51:09.838 [140045568752440] DEBUG - [NSB/SSDP] SSDP arrived: 192.168.0.1 (UPNP IGD)
Dec 29, 2025 12:51:09.838 [140045568752440] DEBUG - [NSB/SSDP] SSDP arrived: 192.168.0.1 (UPNP IGD)
Dec 29, 2025 12:51:09.838 [140045568752440] DEBUG - [NSB/SSDP] SSDP arrived: 192.168.0.1 (UPNP IGD)
Dec 29, 2025 12:51:10.279 [140045570861880] DEBUG - NetworkInterface: received Netlink message len=440, type=RTM_NEWLINK, flags=0x0
Dec 29, 2025 12:51:10.279 [140045570861880] DEBUG - NetworkInterface: Netlink information message family=7, type=1, index=39, flags=0x1003, change=0x0
Dec 29, 2025 12:51:10.279 [140045570861880] DEBUG - Network change.
Dec 29, 2025 12:51:10.279 [140045570861880] DEBUG - NetworkInterface: Notified of network changed (force=0)
Dec 29, 2025 12:51:10.297 [140045570861880] DEBUG - Network change notification but nothing changed.
Dec 29, 2025 12:51:10.297 [140045570861880] DEBUG - NetworkInterface: received Netlink message len=1828, type=RTM_NEWLINK, flags=0x0
Dec 29, 2025 12:51:10.297 [140045570861880] DEBUG - NetworkInterface: Netlink information message family=0, type=1, index=39, flags=0x1003, change=0x0
Dec 29, 2025 12:51:10.297 [140045570861880] DEBUG - Network change.
Dec 29, 2025 12:51:10.297 [140045570861880] DEBUG - NetworkInterface: Notified of network changed (force=0)
Dec 29, 2025 12:51:10.299 [140045570861880] DEBUG - Network change notification but nothing changed.
Dec 29, 2025 12:51:10.299 [140045570861880] DEBUG - NetworkInterface: received Netlink message len=1464, type=RTM_NEWLINK, flags=0x0
Dec 29, 2025 12:51:10.299 [140045570861880] DEBUG - NetworkInterface: Netlink information message family=0, type=1, index=40, flags=0x1002, change=0xffffffff
Dec 29, 2025 12:51:10.299 [140045570861880] DEBUG - Network change.
Dec 29, 2025 12:51:10.299 [140045570861880] DEBUG - NetworkInterface: Notified of network changed (force=0)
Dec 29, 2025 12:51:10.300 [140045570861880] DEBUG - Network change notification but nothing changed.
Dec 29, 2025 12:51:10.457 [140045570861880] DEBUG - NetworkInterface: received Netlink message len=1820, type=RTM_NEWLINK, flags=0x0
Dec 29, 2025 12:51:10.457 [140045570861880] DEBUG - NetworkInterface: Netlink information message family=0, type=1, index=39, flags=0x1002, change=0x41
Dec 29, 2025 12:51:10.457 [140045570861880] DEBUG - Network change.
Dec 29, 2025 12:51:10.457 [140045570861880] DEBUG - NetworkInterface: Notified of network changed (force=0)
Dec 29, 2025 12:51:10.468 [140045570861880] DEBUG - Network change notification but nothing changed.
Dec 29, 2025 12:51:10.468 [140045570861880] DEBUG - NetworkInterface: received Netlink message len=440, type=RTM_NEWLINK, flags=0x0
Dec 29, 2025 12:51:10.468 [140045570861880] DEBUG - NetworkInterface: Netlink information message family=7, type=1, index=39, flags=0x1002, change=0x0
Dec 29, 2025 12:51:10.468 [140045570861880] DEBUG - Network change.
Dec 29, 2025 12:51:10.468 [140045570861880] DEBUG - NetworkInterface: Notified of network changed (force=0)
Dec 29, 2025 12:51:10.469 [140045570861880] DEBUG - Network change notification but nothing changed.
Dec 29, 2025 12:51:10.469 [140045570861880] DEBUG - NetworkInterface: received Netlink message len=656, type=RTM_DELLINK, flags=0x0
Dec 29, 2025 12:51:10.469 [140045570861880] DEBUG - NetworkInterface: Netlink information message family=0, type=1, index=40, flags=0x1002, change=0xffffffff
Dec 29, 2025 12:51:10.469 [140045570861880] DEBUG - NetworkInterface: received Netlink message len=440, type=RTM_NEWLINK, flags=0x0
Dec 29, 2025 12:51:10.469 [140045570861880] DEBUG - NetworkInterface: Netlink information message family=7, type=1, index=39, flags=0x1002, change=0x0
Dec 29, 2025 12:51:10.469 [140045570861880] DEBUG - Network change.
Dec 29, 2025 12:51:10.469 [140045570861880] DEBUG - NetworkInterface: Notified of network changed (force=0)
Dec 29, 2025 12:51:10.471 [140045570861880] DEBUG - Network change notification but nothing changed.
Dec 29, 2025 12:51:10.471 [140045570861880] DEBUG - NetworkInterface: received Netlink message len=104, type=RTM_DELLINK, flags=0x0
Dec 29, 2025 12:51:10.471 [140045570861880] DEBUG - NetworkInterface: Netlink information message family=7, type=1, index=39, flags=0x1002, change=0x0
Dec 29, 2025 12:51:10.471 [140045570861880] DEBUG - NetworkInterface: received Netlink message len=656, type=RTM_DELLINK, flags=0x0
Dec 29, 2025 12:51:10.471 [140045570861880] DEBUG - NetworkInterface: Netlink information message family=0, type=1, index=39, flags=0x1002, change=0xffffffff
Dec 29, 2025 12:51:13.499 [140045603490616] DEBUG - Shutting down with signal 15 (Terminated)
Dec 29, 2025 12:51:13.499 [140045603490616] DEBUG - Ordered to stop server.
Dec 29, 2025 12:51:13.499 [140045608233616] DEBUG - Stopping server...
Dec 29, 2025 12:51:13.499 [140045608233616] DEBUG - HttpServer: Stopping server.
Dec 29, 2025 12:51:13.499 [140045601020728] DEBUG - TranscodeJobManager: [Running] onServerShutdown
Dec 29, 2025 12:51:13.499 [140045601020728] DEBUG - TranscodeJobManager: [Running] -> [Shutdown]
Dec 29, 2025 12:51:13.499 [140045560183608] DEBUG - MetadataItemClusterRequestHandler: a shutdown event has been received
Dec 29, 2025 12:51:13.499 [140045608233616] DEBUG - Server stopped.
Dec 29, 2025 12:51:13.499 [140045608233616] DEBUG - NetworkService: Stopping advertisement.
Dec 29, 2025 12:51:13.499 [140045568752440] ERROR - Network Service: Error in advertiser handle read: 125 (Operation canceled) socket=70
Dec 29, 2025 12:51:13.499 [140045608233616] DEBUG - Killing plug-ins.
Dec 29, 2025 12:51:13.522 [140045608233616] DEBUG - [com.plexapp.agents.imdb] Killing.
Dec 29, 2025 12:51:13.526 [140045603490616] WARN - JobManager: Could not find job for handle 310
Dec 29, 2025 12:51:13.530 [140045608233616] DEBUG - [com.plexapp.system] Killing.
Dec 29, 2025 12:51:13.537 [140045603490616] WARN - JobManager: Could not find job for handle 207
Dec 29, 2025 12:51:13.541 [140045608233616] DEBUG - ChildProcessMonitor: Waiting for Plex Tuner Service to exit.
Dec 29, 2025 12:51:13.541 [140045608233616] DEBUG - [JobRunner] Signalling job ID 266 with 2
Dec 29, 2025 12:51:13.552 [140045603490616] DEBUG - Jobs: '/usr/lib/plexmediaserver/Plex Tuner Service' exit code for process 266 is 0 (success)
Dec 29, 2025 12:51:13.552 [140045562293048] DEBUG - [ChildProcessMonitor] Plex Tuner Service exited.
Dec 29, 2025 12:51:13.552 [140045608233616] DEBUG - Database: Shutting down.
Dec 29, 2025 12:51:13.599 [140045568752440] INFO - Network Service: Abandoning advertise socket, it was closed.
Dec 29, 2025 12:51:13.799 [140045608233616] DEBUG - Database: Shutting down.
