Dec 29, 2025 13:44:40.434 [0x76a5dd497b38] INFO - Plex Tuner Service v1.42.2.10156-f737b826c - Docker Docker Container (LinuxServer.io) x86_64 - build: 
Dec 29, 2025 13:44:40.435 [0x76a5dd497b38] INFO - Linux version: 6.8.0-90-generic (#91-Ubuntu SMP PREEMPT_DYNAMIC Tue Nov 18 14:14:30 UTC 2025), language: en-US
Dec 29, 2025 13:44:40.435 [0x76a5dd497b38] INFO - Processor Intel(R) Core(TM) i5-8250U CPU @ 1.60GHz
Dec 29, 2025 13:44:40.435 [0x76a5dd497b38] INFO - /usr/lib/plexmediaserver/Plex Tuner Service /usr/lib/plexmediaserver/Resources/Tuner/Private /usr/lib/plexmediaserver/Resources/Tuner/Shared 1.42.2.10156-f737b826c 32600
Dec 29, 2025 13:44:40.433 [0x76a5df008808] INFO - [I] broker_t::start...
Dec 29, 2025 13:44:40.438 [0x76a5df008808] INFO - [I] device_manager_t::init.
Dec 29, 2025 13:44:40.438 [0x76a5df008808] INFO - [I] device_manager_t::init. Initialize provider manager
Dec 29, 2025 13:44:40.438 [0x76a5df008808] INFO - [I] device_manager_t::init. Initialize all device auxes
Dec 29, 2025 13:44:40.438 [0x76a5df008808] INFO - [I] dvb_device_factory_t::get_aux_list
Dec 29, 2025 13:44:40.438 [0x76a5df008808] INFO - [I] tvbutler_aux_t::init
Dec 29, 2025 13:44:40.443 [0x76a5df008808] INFO - [I] web_server_t::start. Starting web server on port 32600
Dec 29, 2025 13:44:47.846 [0x76a5dd20bb38] INFO - [I] web_service_t::process_device_discovery
Dec 29, 2025 13:44:47.847 [0x76a5dd20bb38] INFO - [I] device_reactor_t::get_device_list ()
Dec 29, 2025 13:44:49.855 [0x76a5dd20bb38] INFO - [I] SAT2IP - discover_satip_servers(): no servers found
Dec 29, 2025 13:44:50.283 [0x76a5dd20bb38] INFO - [I] v4l::DeviceGetList_impl. getting v4l device list
Dec 29, 2025 13:44:50.290 [0x76a5dd20bb38] INFO - [I] onetv_factory::DeviceGetListEx >>
Dec 29, 2025 13:44:50.290 [0x76a5dd20bb38] WARN - [W] onetv_factory::DeviceGetListEx. libusb_init returned an error -99
Dec 29, 2025 13:58:18.178 [0x76a5df008808] INFO - Received SIGINT: Interrupt from keyboard.
Dec 29, 2025 13:58:18.186 [0x76a5df008808] INFO - [I] device_manager_t::term
Dec 29, 2025 13:58:18.186 [0x76a5df008808] INFO - [I] device_manager_t::term. Stop all devices
Dec 29, 2025 13:58:18.186 [0x76a5df008808] INFO - [I] device_manager_t::term. Shut down all device auxes
Dec 29, 2025 13:58:18.186 [0x76a5df008808] INFO - [I] tvbutler_aux_t::term
Dec 29, 2025 13:58:18.186 [0x76a5df008808] INFO - [I] web_server_t::stop. Web server is stopped
Dec 29, 2025 13:58:18.186 [0x76a5df008808] INFO - [I] device_manager_t::term
Dec 29, 2025 13:58:18.186 [0x76a5df008808] INFO - [I] device_manager_t::term. Stop all devices
Dec 29, 2025 13:58:18.186 [0x76a5df008808] INFO - [I] device_manager_t::term. Shut down all device auxes
Dec 29, 2025 13:58:18.186 [0x76a5df008808] INFO - [I] broker_t::shutdown. Shutdown is completed.
